[INFO] Scanning for projects...
[INFO] 
[INFO] --------------------< cs.msu.edu:CSCI_440_Project >---------------------
[INFO] Building CSCI_440_Project 1.0-SNAPSHOT
[INFO] --------------------------------[ jar ]---------------------------------
[INFO] 
[INFO] --- maven-resources-plugin:2.6:resources (default-resources) @ CSCI_440_Project ---
[WARNING] Using platform encoding (UTF-8 actually) to copy filtered resources, i.e. build is platform dependent!
[INFO] Copying 33 resources
[INFO] 
[INFO] --- maven-compiler-plugin:3.1:compile (default-compile) @ CSCI_440_Project ---
[INFO] Nothing to compile - all classes are up to date
[INFO] 
[INFO] --- maven-resources-plugin:2.6:testResources (default-testResources) @ CSCI_440_Project ---
[WARNING] Using platform encoding (UTF-8 actually) to copy filtered resources, i.e. build is platform dependent!
[INFO] skip non existing resourceDirectory /home/carson/Projects/msu/csci-440-fall2021/grading/scripts/repos/philip_gehde/src/test/resources
[INFO] 
[INFO] --- maven-compiler-plugin:3.1:testCompile (default-testCompile) @ CSCI_440_Project ---
[INFO] Changes detected - recompiling the module!
[WARNING] File encoding has not been set, using platform encoding UTF-8, i.e. build is platform dependent!
[INFO] Compiling 13 source files to /home/carson/Projects/msu/csci-440-fall2021/grading/scripts/repos/philip_gehde/target/test-classes
[INFO] -------------------------------------------------------------
[ERROR] COMPILATION ERROR : 
[INFO] -------------------------------------------------------------
[ERROR] /home/carson/Projects/msu/csci-440-fall2021/grading/scripts/repos/philip_gehde/src/test/java/edu/montana/csci/csci440/homework/Homework1.java:[18,104] ')' expected
[ERROR] /home/carson/Projects/msu/csci-440-fall2021/grading/scripts/repos/philip_gehde/src/test/java/edu/montana/csci/csci440/homework/Homework1.java:[18,105] not a statement
[ERROR] /home/carson/Projects/msu/csci-440-fall2021/grading/scripts/repos/philip_gehde/src/test/java/edu/montana/csci/csci440/homework/Homework1.java:[18,109] ';' expected
[INFO] 3 errors 
[INFO] -------------------------------------------------------------
[INFO] ------------------------------------------------------------------------
[INFO] BUILD FAILURE
[INFO] ------------------------------------------------------------------------
[INFO] Total time:  1.828 s
[INFO] Finished at: 2021-10-01T18:40:15-06:00
[INFO] ------------------------------------------------------------------------
[ERROR] Failed to execute goal org.apache.maven.plugins:maven-compiler-plugin:3.1:testCompile (default-testCompile) on project CSCI_440_Project: Compilation failure: Compilation failure: 
[ERROR] /home/carson/Projects/msu/csci-440-fall2021/grading/scripts/repos/philip_gehde/src/test/java/edu/montana/csci/csci440/homework/Homework1.java:[18,104] ')' expected
[ERROR] /home/carson/Projects/msu/csci-440-fall2021/grading/scripts/repos/philip_gehde/src/test/java/edu/montana/csci/csci440/homework/Homework1.java:[18,105] not a statement
[ERROR] /home/carson/Projects/msu/csci-440-fall2021/grading/scripts/repos/philip_gehde/src/test/java/edu/montana/csci/csci440/homework/Homework1.java:[18,109] ';' expected
[ERROR] -> [Help 1]
[ERROR] 
[ERROR] To see the full stack trace of the errors, re-run Maven with the -e switch.
[ERROR] Re-run Maven using the -X switch to enable full debug logging.
[ERROR] 
[ERROR] For more information about the errors and possible solutions, please read the following articles:
[ERROR] [Help 1] http://cwiki.apache.org/confluence/display/MAVEN/MojoFailureException
